<?xml version="1.0" encoding="UTF-8"?>
<testsuite xmlns:xsi="http://www.w3.org/2001/XMLSchema-instance" xsi:noNamespaceSchemaLocation="https://maven.apache.org/surefire/maven-surefire-plugin/xsd/surefire-test-report-3.0.xsd" version="3.0" name="runner.Runner" time="0.501" tests="1" errors="1" skipped="0" failures="0">
  <properties>
[...]
</properties>
  <testcase name="initializationError" classname="runner.Runner" time="0.007">
    <error message="Failed to parse resource at: file:///C:/abubacker-88-microtech/microtech/src/test/resources/features/Login%20Functionality%20Verification.feature&#10;(4:1): expected: #TagLine, #RuleLine, #Comment, #Empty, got &apos;Scenario : Login as a Customer&apos;&#10;(5:1): expected: #TagLine, #RuleLine, #Comment, #Empty, got &apos;Given I am in Landing Home Page&apos;&#10;(6:1): expected: #TagLine, #RuleLine, #Comment, #Empty, got &apos;When I Click on Login&apos;&#10;(7:1): expected: #TagLine, #RuleLine, #Comment, #Empty, got &apos;Then I will be in Login Page&apos;&#10;(8:1): expected: #TagLine, #RuleLine, #Comment, #Empty, got &apos;And Click Customer Login&apos;&#10;(9:1): expected: #TagLine, #RuleLine, #Comment, #Empty, got &apos;Then I enter User Id &quot;david@gmail.com&quot;&apos;&#10;(10:1): expected: #TagLine, #RuleLine, #Comment, #Empty, got &apos;And I enter Password &quot;1234&quot;&apos;&#10;(11:1): expected: #TagLine, #RuleLine, #Comment, #Empty, got &apos;When I click Login Button&apos;&#10;(12:1): expected: #TagLine, #RuleLine, #Comment, #Empty, got &apos;Then I will see Customer Home Page&apos;&#10;(13:0): unexpected end of file, expected: #TagLine, #RuleLine, #Comment, #Empty" type="io.cucumber.core.gherkin.FeatureParserException"><![CDATA[io.cucumber.core.gherkin.FeatureParserException: 
Failed to parse resource at: file:///C:/abubacker-88-microtech/microtech/src/test/resources/features/Login%20Functionality%20Verification.feature
(4:1): expected: #TagLine, #RuleLine, #Comment, #Empty, got 'Scenario : Login as a Customer'
(5:1): expected: #TagLine, #RuleLine, #Comment, #Empty, got 'Given I am in Landing Home Page'
(6:1): expected: #TagLine, #RuleLine, #Comment, #Empty, got 'When I Click on Login'
(7:1): expected: #TagLine, #RuleLine, #Comment, #Empty, got 'Then I will be in Login Page'
(8:1): expected: #TagLine, #RuleLine, #Comment, #Empty, got 'And Click Customer Login'
(9:1): expected: #TagLine, #RuleLine, #Comment, #Empty, got 'Then I enter User Id "david@gmail.com"'
(10:1): expected: #TagLine, #RuleLine, #Comment, #Empty, got 'And I enter Password "1234"'
(11:1): expected: #TagLine, #RuleLine, #Comment, #Empty, got 'When I click Login Button'
(12:1): expected: #TagLine, #RuleLine, #Comment, #Empty, got 'Then I will see Customer Home Page'
(13:0): unexpected end of file, expected: #TagLine, #RuleLine, #Comment, #Empty
]]></error>
  </testcase>
</testsuite>